{"numTotalTestSuites":2,"numPassedTestSuites":2,"numFailedTestSuites":0,"numPendingTestSuites":0,"numTotalTests":3,"numPassedTests":3,"numFailedTests":0,"numPendingTests":0,"numTodoTests":0,"snapshot":{"added":0,"failure":false,"filesAdded":0,"filesRemoved":0,"filesRemovedList":[],"filesUnmatched":0,"filesUpdated":0,"matched":0,"total":0,"unchecked":0,"uncheckedKeysByFile":[],"unmatched":0,"updated":0,"didUpdate":false},"startTime":1784417742034,"success":true,"testResults":[{"assertionResults":[{"ancestorTitles":["UI Interactions (G09, G10, G11, G12, G13, G14, G15, G19)"],"fullName":"UI Interactions (G09, G10, G11, G12, G13, G14, G15, G19) G09: Interactive graph renders nodes","status":"passed","title":"G09: Interactive graph renders nodes","duration":14.00789999999995,"failureMessages":[],"meta":{},"tags":[]},{"ancestorTitles":["UI Interactions (G09, G10, G11, G12, G13, G14, G15, G19)"],"fullName":"UI Interactions (G09, G10, G11, G12, G13, G14, G15, G19) G10: Hover, click, and double-click interactions","status":"passed","title":"G10: Hover, click, and double-click interactions","duration":3.825900000000047,"failureMessages":[],"meta":{},"tags":[]},{"ancestorTitles":["UI Interactions (G09, G10, G11, G12, G13, G14, G15, G19)"],"fullName":"UI Interactions (G09, G10, G11, G12, G13, G14, G15, G19) G13: Note editor and atomic save","status":"passed","title":"G13: Note editor and atomic save","duration":4.34190000000001,"failureMessages":[],"meta":{},"tags":[]}],"startTime":1784417742870,"endTime":1784417742892.3418,"status":"passed","message":"","name":"D:/mnd proj/mnd/apps/mnd-graph/src/App.test.tsx"}]}